   ------------------------------------------------------------------
  | Welcome to ROOT 6.24/02                        https://root.cern |
  | (c) 1995-2021, The ROOT Team; conception: R. Brun, F. Rademakers |
  | Built for linuxx8664gcc on Jun 28 2021, 09:28:51                 |
  | From tags/v6-24-02@v6-24-02                                      |
  | With                                                             |
  | Try '.help', '.demo', '.license', '.credits', '.quit'/'.q'       |
   ------------------------------------------------------------------

WorkingDir /u/kjedrzej/hades-crap

DLL Load Path Directories (in the Order of Precedence):
   /cvmfs/hadessoft.gsi.de/install/debian10/root-6.24.02/lib
   /u/kjedrzej/hades-crap/myCrap/libBuild/lib
   /cvmfs/hadessoft.gsi.de/install/debian10/6.24.02/hydra2-6.4/lib
   /cvmfs/hadessoft.gsi.de/install/debian10/root-6.24.02/lib
   /misc/hadessoftware/etch32/install/gstore-may07/lib
   /cvmfs/hadessoft.gsi.de/install/debian10/oracle/client/lib
   /cvmfs/hadessoft.gsi.de/install/debian10/cernlib_gfortran/2005/lib
   /.singularity.d/libs
   .
   /cvmfs/hadessoft.gsi.de/install/debian10/root-6.24.02/lib
   /lib/x86_64-linux-gnu/tls/x86_64/x86_64
   /lib/x86_64-linux-gnu/tls/x86_64
   /lib/x86_64-linux-gnu/tls/x86_64
   /lib/x86_64-linux-gnu/tls
   /lib/x86_64-linux-gnu/x86_64/x86_64
   /lib/x86_64-linux-gnu/x86_64
   /lib/x86_64-linux-gnu/x86_64
   /lib/x86_64-linux-gnu
   /usr/lib/x86_64-linux-gnu/tls/x86_64/x86_64
   /usr/lib/x86_64-linux-gnu/tls/x86_64
   /usr/lib/x86_64-linux-gnu/tls/x86_64
   /usr/lib/x86_64-linux-gnu/tls
   /usr/lib/x86_64-linux-gnu/x86_64/x86_64
   /usr/lib/x86_64-linux-gnu/x86_64
   /usr/lib/x86_64-linux-gnu/x86_64
   /usr/lib/x86_64-linux-gnu
   /lib/tls/x86_64/x86_64
   /lib/tls/x86_64
   /lib/tls/x86_64
   /lib/tls
   /lib/x86_64/x86_64
   /lib/x86_64
   /lib/x86_64
   /lib
   /usr/lib/tls/x86_64/x86_64
   /usr/lib/tls/x86_64
   /usr/lib/tls/x86_64
   /usr/lib/tls
   /usr/lib/x86_64/x86_64
   /usr/lib/x86_64
   /usr/lib/x86_64
   /usr/lib

List and Order of loaded DLLs and their Locations:
   Hydra        : /cvmfs/hadessoft.gsi.de/install/debian10/6.24.02/hydra2-6.4/lib
   Start        : /cvmfs/hadessoft.gsi.de/install/debian10/6.24.02/hydra2-6.4/lib
   Rich         : /cvmfs/hadessoft.gsi.de/install/debian10/6.24.02/hydra2-6.4/lib
   Mdc          : /cvmfs/hadessoft.gsi.de/install/debian10/6.24.02/hydra2-6.4/lib
   Tof          : /cvmfs/hadessoft.gsi.de/install/debian10/6.24.02/hydra2-6.4/lib
   Shower       : /cvmfs/hadessoft.gsi.de/install/debian10/6.24.02/hydra2-6.4/lib
   Emc          : /cvmfs/hadessoft.gsi.de/install/debian10/6.24.02/hydra2-6.4/lib
   Rpc          : /cvmfs/hadessoft.gsi.de/install/debian10/6.24.02/hydra2-6.4/lib
   Wall         : /cvmfs/hadessoft.gsi.de/install/debian10/6.24.02/hydra2-6.4/lib
   Sts          : /cvmfs/hadessoft.gsi.de/install/debian10/6.24.02/hydra2-6.4/lib
   FRpc         : /cvmfs/hadessoft.gsi.de/install/debian10/6.24.02/hydra2-6.4/lib
   Forward      : /cvmfs/hadessoft.gsi.de/install/debian10/6.24.02/hydra2-6.4/lib
   iTof         : /cvmfs/hadessoft.gsi.de/install/debian10/6.24.02/hydra2-6.4/lib
   PionTracker  : /cvmfs/hadessoft.gsi.de/install/debian10/6.24.02/hydra2-6.4/lib
   MdcTrackD    : /cvmfs/hadessoft.gsi.de/install/debian10/6.24.02/hydra2-6.4/lib
   MdcTrackG    : /cvmfs/hadessoft.gsi.de/install/debian10/6.24.02/hydra2-6.4/lib
   Kalman       : /cvmfs/hadessoft.gsi.de/install/debian10/6.24.02/hydra2-6.4/lib
   ShowerUtil   : /cvmfs/hadessoft.gsi.de/install/debian10/6.24.02/hydra2-6.4/lib
   Particle     : /cvmfs/hadessoft.gsi.de/install/debian10/6.24.02/hydra2-6.4/lib
   QA           : /cvmfs/hadessoft.gsi.de/install/debian10/6.24.02/hydra2-6.4/lib
   Dst          : /cvmfs/hadessoft.gsi.de/install/debian10/6.24.02/hydra2-6.4/lib
   Tools        : /cvmfs/hadessoft.gsi.de/install/debian10/6.24.02/hydra2-6.4/lib
   MdcUtil      : /cvmfs/hadessoft.gsi.de/install/debian10/6.24.02/hydra2-6.4/lib
   Simulation   : /cvmfs/hadessoft.gsi.de/install/debian10/6.24.02/hydra2-6.4/lib
   Ora          : /cvmfs/hadessoft.gsi.de/install/debian10/6.24.02/hydra2-6.4/lib
   OraUtil      : /cvmfs/hadessoft.gsi.de/install/debian10/6.24.02/hydra2-6.4/lib
   OraSim       : /cvmfs/hadessoft.gsi.de/install/debian10/6.24.02/hydra2-6.4/lib
   MdcGarfield  : /cvmfs/hadessoft.gsi.de/install/debian10/6.24.02/hydra2-6.4/lib
   Revt         : /cvmfs/hadessoft.gsi.de/install/debian10/6.24.02/hydra2-6.4/lib
   Online       : /cvmfs/hadessoft.gsi.de/install/debian10/6.24.02/hydra2-6.4/lib
   EventDisplay : /cvmfs/hadessoft.gsi.de/install/debian10/6.24.02/hydra2-6.4/lib
   Alignment    : /cvmfs/hadessoft.gsi.de/install/debian10/6.24.02/hydra2-6.4/lib
   FemtoCrap    : /u/kjedrzej/hades-crap/myCrap/libBuild/lib

- RTDB container factory BaseContFact 
- RTDB container factory StartContFact 
- RTDB container factory RichContFact 
- RTDB container factory MdcContFact 
- RTDB container factory TofContFact 
- RTDB container factory ShowerContFact 
- RTDB container factory EmcContFact 
- RTDB container factory RpcContFact 
- RTDB container factory WallContFact 
- RTDB container factory StsContFact 
- RTDB container factory FRpcContFact 
- RTDB container factory ForwardContFact 
- RTDB container factory iTofContFact 
- RTDB container factory PionTrackerContFact 
- RTDB container factory MdcTrackDContFact 
- RTDB container factory MdcTrackGContFact 
- RTDB container factory ParticleContFact 


Processing newFemtoAnalysis.cc++g...
   info<HLoop::HLoop()>: HADES created and event structure set !
0    add file : /lustre/hades/user/kjedrzej/customDST/apr12PlusHMdcSeg/5sec/109/apr12ana_109_5sec_be1210902192406.hld_filtered.root
1    add file : /lustre/hades/user/kjedrzej/customDST/apr12PlusHMdcSeg/5sec/109/apr12ana_109_5sec_be1210911034404.hld_filtered.root
2    add file : /lustre/hades/user/kjedrzej/customDST/apr12PlusHMdcSeg/5sec/109/apr12ana_109_5sec_be1210906325705.hld_filtered.root
3    add file : /lustre/hades/user/kjedrzej/customDST/apr12PlusHMdcSeg/5sec/109/apr12ana_109_5sec_be1210921361701.hld_filtered.root
4    add file : /lustre/hades/user/kjedrzej/customDST/apr12PlusHMdcSeg/5sec/109/apr12ana_109_5sec_be1210914524601.hld_filtered.root
5    add file : /lustre/hades/user/kjedrzej/customDST/apr12PlusHMdcSeg/5sec/109/apr12ana_109_5sec_be1210920515901.hld_filtered.root
6    add file : /lustre/hades/user/kjedrzej/customDST/apr12PlusHMdcSeg/5sec/109/apr12ana_109_5sec_be1210904044707.hld_filtered.root
7    add file : /lustre/hades/user/kjedrzej/customDST/apr12PlusHMdcSeg/5sec/109/apr12ana_109_5sec_be1210906271208.hld_filtered.root
8    add file : /lustre/hades/user/kjedrzej/customDST/apr12PlusHMdcSeg/5sec/109/apr12ana_109_5sec_be1210919134901.hld_filtered.root
9    add file : /lustre/hades/user/kjedrzej/customDST/apr12PlusHMdcSeg/5sec/109/apr12ana_109_5sec_be1210902445902.hld_filtered.root
--------------------------------------
 Analize Chain : .... Can take while  for N file = 10
N total entries = 616351
0   /lustre/hades/user/kjedrzej/customDST/apr12PlusHMdcSeg/5sec/109/apr12ana_109_5sec_be1210902192406.hld_filtered.root, N entries = 69734
1   /lustre/hades/user/kjedrzej/customDST/apr12PlusHMdcSeg/5sec/109/apr12ana_109_5sec_be1210911034404.hld_filtered.root, N entries = 29137
2   /lustre/hades/user/kjedrzej/customDST/apr12PlusHMdcSeg/5sec/109/apr12ana_109_5sec_be1210906325705.hld_filtered.root, N entries = 68640
3   /lustre/hades/user/kjedrzej/customDST/apr12PlusHMdcSeg/5sec/109/apr12ana_109_5sec_be1210921361701.hld_filtered.root, N entries = 68781
4   /lustre/hades/user/kjedrzej/customDST/apr12PlusHMdcSeg/5sec/109/apr12ana_109_5sec_be1210914524601.hld_filtered.root, N entries = 69902
5   /lustre/hades/user/kjedrzej/customDST/apr12PlusHMdcSeg/5sec/109/apr12ana_109_5sec_be1210920515901.hld_filtered.root, N entries = 69050
6   /lustre/hades/user/kjedrzej/customDST/apr12PlusHMdcSeg/5sec/109/apr12ana_109_5sec_be1210904044707.hld_filtered.root, N entries = 33779
7   /lustre/hades/user/kjedrzej/customDST/apr12PlusHMdcSeg/5sec/109/apr12ana_109_5sec_be1210906271208.hld_filtered.root, N entries = 68888
8   /lustre/hades/user/kjedrzej/customDST/apr12PlusHMdcSeg/5sec/109/apr12ana_109_5sec_be1210919134901.hld_filtered.root, N entries = 69017
9   /lustre/hades/user/kjedrzej/customDST/apr12PlusHMdcSeg/5sec/109/apr12ana_109_5sec_be1210902445902.hld_filtered.root, N entries = 69423
--------------------------------------
   info<HLoop::setInput()>: Setting Tree Cache size = 8000000 byte.
--------------------------------------
current event :
HMdcCal1             = 0x55a8e0f0a380 status = 0
HMdcHit              = 0x55a8e0ef7a50 status = 0
HMdcSeg              = 0x55a8e0f0c180 status = 1
HParticleCand        = 0x55a8e16d9860 status = 1
HParticleEvtInfo     = 0x55a8e16b3960 status = 1
HStart2Cal           = 0x55a8e1676360 status = 0
HStart2Hit           = 0x55a8e1670640 status = 0
HTBoxChan            = 0x55a8e16955b0 status = 0
HWallHit             = 0x55a8e169ab20 status = 1
--------------------------------------
HParticleEvtChara: reading input for energy 1.23A GeV... 
warning<getCategory()>: Cannot get category catGeantKine
   info<HParticleEvtChara::init()>: GeantKine not found - is not Simulation

--------------------------------------------------------------------------------------
   info<HParticleEvtChara::loadParameterFile()>: >>> Parameter input file (ver. 0.7) : /cvmfs/hadessoft.gsi.de/param/eventchara/centrality_epcorr_apr12_gen8_2019_02_pass30.root

--------------------------------------------------------------------------------------

--------------------------------------------------------------------------------------
   info<HParticleEvtChara::loadCentralityEstimatorHist()>: Calibration for Centrality Estimator and Classes loading:

>>>>                          TOFRPC :  percentile  10pc   5pc   2pc   1pc  13pc  15pc  20pc 1040class  FOPI
>>>>                             TOF :  percentile  10pc   5pc   2pc   1pc  13pc  15pc  20pc 1040class  FOPI
>>>>                             RPC :  percentile  10pc   5pc   2pc   1pc  13pc  15pc  20pc 1040class  FOPI
>>>>                       TOFRPCtot :  percentile  10pc   5pc   2pc   1pc  13pc  15pc  20pc 1040class  FOPI
>>>>                          TOFtot :  percentile  10pc   5pc   2pc   1pc  13pc  15pc  20pc 1040class  FOPI
>>>>                          RPCtot :  percentile  10pc   5pc   2pc   1pc  13pc  15pc  20pc 1040class  FOPI
>>>>            SelectedParticleCand :  percentile  10pc   5pc   2pc   1pc  13pc  15pc  20pc 1040class  FOPI
>>>>        SelectedParticleCandCorr :  percentile  10pc   5pc   2pc   1pc  13pc  15pc  20pc 1040class  FOPI
>>>>        SelectedParticleCandNorm :  percentile  10pc   5pc   2pc   1pc  13pc  15pc  20pc 1040class  FOPI
>>>>     SelectedParticleCandSecNorm :  percentile  10pc   5pc   2pc   1pc  13pc  15pc  20pc 1040class  FOPI
>>>> SelectedParticleCandCorrPerWire :  percentile  10pc   5pc   2pc   1pc  13pc  15pc  20pc 1040class  FOPI
>>>>             PrimaryParticleCand :  percentile  10pc   5pc   2pc   1pc  13pc  15pc  20pc 1040class  FOPI
>>>>                        MdcWires :  percentile  10pc   5pc   2pc   1pc  13pc  15pc  20pc 1040class  FOPI
>>>>                MdcWiresOuterMod :  percentile  10pc   5pc   2pc   1pc  13pc  15pc  20pc 1040class  FOPI
>>>>                 FWSumChargeSpec :  percentile  10pc   5pc   2pc   1pc  13pc  15pc  20pc 1040class  FOPI
>>>>                    FWSumChargeZ :  percentile  10pc   5pc   2pc   1pc  13pc  15pc  20pc 1040class  FOPI
>>>>                     Directivity :  percentile  10pc   5pc   2pc   1pc  13pc  15pc  20pc 1040class  FOPI
>>>>                       RatioEtEz :  percentile  10pc   5pc   2pc   1pc  13pc  15pc  20pc 1040class  FOPI
>>>>                              Et :  percentile  10pc   5pc   2pc   1pc  13pc  15pc  20pc 1040class  FOPI

Centrality Percentile Curves      #19
Centrality Estimator and Classes  #171
--------------------------------------------------------------------------------------

--------------------------------------------------------------------------------------
   info<HParticleEvtChara::loadEventPlaneCorrectionHist()>: Calibration for EventPlane Correction Histogramms loading:

>>>>                         FWx :  Centrality(17 bins)  Day(34 bins) <FWx>( 1 bins) 
>>>>                         FWy :  Centrality(17 bins)  Day(34 bins) <FWy>( 1 bins) 
>>>>                          Qx :  Centrality(17 bins)  Day(34 bins) <Qx>( 1 bins) 
>>>>                          Qy :  Centrality(17 bins)  Day(34 bins) <Qy>( 1 bins) 
>>>>                   QxWCharge :  Centrality(17 bins)  Day(34 bins) <QxWCharge>( 1 bins) 
>>>>                   QyWCharge :  Centrality(17 bins)  Day(34 bins) <QyWCharge>( 1 bins) 
>>>>                         Qx2 :  Centrality(17 bins)  Day(34 bins) <Qx2>( 1 bins) 
>>>>                         Qy2 :  Centrality(17 bins)  Day(34 bins) <Qy2>( 1 bins) 
>>>>                  Qx2WCharge :  Centrality(17 bins)  Day(34 bins) <Qx2WCharge>( 1 bins) 
>>>>                  Qy2WCharge :  Centrality(17 bins)  Day(34 bins) <Qy2WCharge>( 1 bins) 
>>>>                   FourierC1 :  Centrality(17 bins)  Day(34 bins) <FourierC1>( 1 bins) 
>>>>                   FourierC2 :  Centrality(17 bins)  Day(34 bins) <FourierC2>( 1 bins) 
>>>>                   FourierC3 :  Centrality(17 bins)  Day(34 bins) <FourierC3>( 1 bins) 
>>>>                   FourierC4 :  Centrality(17 bins)  Day(34 bins) <FourierC4>( 1 bins) 
>>>>                   FourierC5 :  Centrality(17 bins)  Day(34 bins) <FourierC5>( 1 bins) 
>>>>                   FourierC6 :  Centrality(17 bins)  Day(34 bins) <FourierC6>( 1 bins) 
>>>>                   FourierC7 :  Centrality(17 bins)  Day(34 bins) <FourierC7>( 1 bins) 
>>>>                   FourierC8 :  Centrality(17 bins)  Day(34 bins) <FourierC8>( 1 bins) 
>>>>                   FourierS1 :  Centrality(17 bins)  Day(34 bins) <FourierS1>( 1 bins) 
>>>>                   FourierS2 :  Centrality(17 bins)  Day(34 bins) <FourierS2>( 1 bins) 
>>>>                   FourierS3 :  Centrality(17 bins)  Day(34 bins) <FourierS3>( 1 bins) 
>>>>                   FourierS4 :  Centrality(17 bins)  Day(34 bins) <FourierS4>( 1 bins) 
>>>>                   FourierS5 :  Centrality(17 bins)  Day(34 bins) <FourierS5>( 1 bins) 
>>>>                   FourierS6 :  Centrality(17 bins)  Day(34 bins) <FourierS6>( 1 bins) 
>>>>                   FourierS7 :  Centrality(17 bins)  Day(34 bins) <FourierS7>( 1 bins) 
>>>>                   FourierS8 :  Centrality(17 bins)  Day(34 bins) <FourierS8>( 1 bins) 
>>>>                  Resolution :  Centrality(17 bins)  Day(34 bins) <Resolution>( 1 bins) 
>>>>           ResolutionWCharge :  Centrality(17 bins)  Day(34 bins) <ResolutionWCharge>( 1 bins) 
>>>>                         Chi :  Centrality(17 bins)  Day(34 bins) <Resolution>( 1 bins) 

EventPlane Correction Histogramms  #29
--------------------------------------------------------------------------------------

--------------------------------------------------------------------------------------
   info<HParticleEvtChara::loadFWCutValuesHist()>: Histogramms with CutValues for FW Hits loading:

>>>>                    BetaCuts :  active cells: 0   not used for FWCut!
>>>>                    TimeCuts :      ( 3 bins)     ( 1 bins) active cells:288 
>>>>                  ChargeCuts :      (10 bins)     ( 1 bins) active cells:288 

Histogramms with CutValues for FW Hits  #576
--------------------------------------------------------------------------------------
	 selected EPcorrection method is:  ShifFWFlattWCharge
EVTChara for TOF+RPC hits 

---------------------------------------------------------------------------------------------
Centrality Classes for TOFRPC  with 10pc bins
---------------------------------------------------------------------------------------------
# of Classes: 7
 Class   lowEdge -   upEdge  Centrality[%]  BinWidth[%]  real CentralityBin[%]  BinCenter[%]
   0 :    312.00 -   499.00      overflow         0.001        0.00 -     0.00          0.00
   1 :    157.00 -   312.00         00-10        10.104        0.00 -    10.11          5.05
   2 :    117.00 -   157.00         10-20         9.778       10.11 -    19.88         14.99
   3 :     82.00 -   117.00         20-30        10.219       19.88 -    30.10         24.99
   4 :     55.00 -    82.00         30-40        10.036       30.10 -    40.14         35.12
   5 :     36.00 -    55.00         40-50        10.147       40.14 -    50.29         45.21
   6 :     23.00 -    36.00         50-60         9.512       50.29 -    59.80         55.04
   7 :     10.00 -    23.00         60-70        10.372       59.80 -    70.17         64.98
   8 :      0.00 -    10.00     underflow         1.830       70.17 -    72.00         71.08
---------------------------------------------------------------------------------------------
EVTChara for the selected particles 

---------------------------------------------------------------------------------------------
Centrality Classes for SelectedParticleCand  with 10pc bins
---------------------------------------------------------------------------------------------
# of Classes: 7
 Class   lowEdge -   upEdge  Centrality[%]  BinWidth[%]  real CentralityBin[%]  BinCenter[%]
   0 :    102.00 -   499.00      overflow         0.002        0.00 -     0.00          0.00
   1 :     54.00 -   102.00         00-10        10.033        0.00 -    10.03          5.02
   2 :     38.00 -    54.00         10-20        10.100       10.03 -    20.13         15.08
   3 :     26.00 -    38.00         20-30        10.093       20.13 -    30.23         25.18
   4 :     17.00 -    26.00         30-40         9.990       30.23 -    40.22         35.22
   5 :     11.00 -    17.00         40-49         9.205       40.22 -    49.42         44.82
   6 :      7.00 -    11.00         49-59         9.194       49.42 -    58.62         54.02
   7 :      3.00 -     7.00         59-70        11.522       58.62 -    70.14         64.38
   8 :      2.00 -     3.00     underflow         1.862       70.14 -    72.00         71.07
---------------------------------------------------------------------------------------------
----------------------------------------------
HParticlePID : 
BeamTime  = apr12
nsigma    = 5
rkchi2cut = 1000
version = 0
2  :  sys0 = (40    ,2000  ) :  sys1 = (60    ,2000  )
3  :  sys0 = (40    ,2000  ) :  sys1 = (85    ,2000  )
5  :  sys0 = (40    ,2000  ) :  sys1 = (60    ,2000  )
6  :  sys0 = (40    ,2000  ) :  sys1 = (85    ,2000  )
8  :  sys0 = (75    ,2000  ) :  sys1 = (48    ,2000  )
9  :  sys0 = (84    ,2000  ) :  sys1 = (70    ,2000  )
11 :  sys0 = (60    ,2000  ) :  sys1 = (60    ,2000  )
12 :  sys0 = (85    ,2000  ) :  sys1 = (85    ,2000  )
14 :  sys0 = (291   ,2000  ) :  sys1 = (157   ,4000  )
45 :  sys0 = (60    ,2000  ) :  sys1 = (60    ,5000  )
46 :  sys0 = (60    ,2000  ) :  sys1 = (60    ,6000  )
47 :  sys0 = (60    ,2000  ) :  sys1 = (60    ,4000  )
49 :  sys0 = (60    ,2000  ) :  sys1 = (60    ,4000  )
----------------------------------------------
---------------------------------------------------------
/lustre/hades/user/kjedrzej/customDST/apr12PlusHMdcSeg/5sec/109/apr12ana_109_5sec_be1210902192406.hld_filtered.root,  sectors : 1 1 1 1 1 1 
at entry 0        with entries = 69734
---------------------------------------------------------

Progress: 0   %

Progress: 0   %

Progress: 0   %

Progress: 0   %

Progress: 0   %

Progress: 0   %

Progress: 0   %

Progress: 0   %

Progress: 0   %

Progress: 0   %

Progress: 0   %

Progress: 0   %

Progress: 0   %

Progress: 0   %

Progress: 0   %

Progress: 0   %

Progress: 0   %

Progress: 0   %

Progress: 0   %

Progress: 0   %

Progress: 0   %

Progress: 0   %

Progress: 0   %

Progress: 0   %

Progress: 0   %

Progress: 0   %

Progress: 0   %

Progress: 0   %

Progress: 0   %

Progress: 0   %

Progress: 0   %

Progress: 0   %

Progress: 0   %

Progress: 0   %

Progress: 0   %

Progress: 0   %

Progress: 0   %

Progress: 0   %

Progress: 0   %

Progress: 0   %

Progress: 0   %

Progress: 0   %

Progress: 0   %

Progress: 0   %

Progress: 0   %

Progress: 0   %

Progress: 0   %

Progress: 0   %

Progress: 0   %

Progress: 0   %

Progress: 0   %

Progress: 0   %

Progress: 0   %

Progress: 0   %

Progress: 0   %

Progress: 0   %

Progress: 0   %

Progress: 0   %

Progress: 0   %

Progress: 0   %

Progress: 0   %

Progress: 0   %

Progress: 0   %

Progress: 0   %

Progress: 0   %

Progress: 0   %

Progress: 0   %

Progress: 0   %

Progress: 0   %
---------------------------------------------------------
/lustre/hades/user/kjedrzej/customDST/apr12PlusHMdcSeg/5sec/109/apr12ana_109_5sec_be1210911034404.hld_filtered.root,  sectors : 1 1 1 1 1 1 
at entry 69734    with entries = 29137
---------------------------------------------------------

Progress: 0   %

Progress: 0   %

Progress: 0   %

Progress: 0   %

Progress: 0   %

Progress: 0   %

Progress: 0   %

Progress: 0   %

Progress: 0   %

Progress: 0   %

Progress: 0   %

Progress: 0   %

Progress: 0   %

Progress: 0   %

Progress: 0   %

Progress: 0   %

Progress: 0   %

Progress: 0   %

Progress: 0   %

Progress: 0   %

Progress: 0   %

Progress: 0   %

Progress: 0   %

Progress: 0   %

Progress: 0   %

Progress: 0   %

Progress: 0   %

Progress: 0   %

Progress: 0   %
---------------------------------------------------------
/lustre/hades/user/kjedrzej/customDST/apr12PlusHMdcSeg/5sec/109/apr12ana_109_5sec_be1210906325705.hld_filtered.root,  sectors : 1 1 1 1 1 1 
at entry 98871    with entries = 68640
---------------------------------------------------------

Progress: 0   %

Progress: 0   %

Progress: 0   %

Progress: 0   %

Progress: 0   %

Progress: 0   %

Progress: 0   %

Progress: 0   %

Progress: 0   %

Progress: 0   %

Progress: 0   %

Progress: 0   %

Progress: 0   %

Progress: 0   %

Progress: 0   %

Progress: 0   %

Progress: 0   %

Progress: 0   %

Progress: 0   %

Progress: 0   %

Progress: 0   %

Progress: 0   %

Progress: 0   %

Progress: 0   %

Progress: 0   %

Progress: 0   %

Progress: 0   %

Progress: 0   %

Progress: 0   %

Progress: 0   %

Progress: 0   %

Progress: 0   %

Progress: 0   %

Progress: 0   %

Progress: 0   %

Progress: 0   %

Progress: 0   %

Progress: 0   %

Progress: 0   %

Progress: 0   %

Progress: 0   %

Progress: 0   %

Progress: 0   %

Progress: 0   %

Progress: 0   %

Progress: 0   %

Progress: 0   %

Progress: 0   %

Progress: 0   %

Progress: 0   %

Progress: 0   %

Progress: 0   %

Progress: 0   %

Progress: 0   %

Progress: 0   %

Progress: 0   %

Progress: 0   %

Progress: 0   %

Progress: 0   %

Progress: 0   %

Progress: 0   %

Progress: 0   %

Progress: 0   %

Progress: 0   %

Progress: 0   %

Progress: 0   %

Progress: 0   %

Progress: 0   %

Progress: 0   %
---------------------------------------------------------
/lustre/hades/user/kjedrzej/customDST/apr12PlusHMdcSeg/5sec/109/apr12ana_109_5sec_be1210921361701.hld_filtered.root,  sectors : 1 1 1 1 1 1 
at entry 167511   with entries = 68781
---------------------------------------------------------

Progress: 0   %

Progress: 0   %

Progress: 0   %

Progress: 0   %

Progress: 0   %

Progress: 0   %

Progress: 0   %

Progress: 0   %

Progress: 0   %

Progress: 0   %

Progress: 0   %

Progress: 0   %

Progress: 0   %

Progress: 0   %

Progress: 0   %

Progress: 0   %

Progress: 0   %

Progress: 0   %

Progress: 0   %

Progress: 0   %

Progress: 0   %

Progress: 0   %

Progress: 0   %

Progress: 0   %

Progress: 0   %

Progress: 0   %

Progress: 0   %

Progress: 0   %

Progress: 0   %

Progress: 0   %

Progress: 0   %

Progress: 0   %

Progress: 0   %

Progress: 0   %

Progress: 0   %

Progress: 0   %

Progress: 0   %

Progress: 0   %

Progress: 0   %

Progress: 0   %

Progress: 0   %

Progress: 0   %

Progress: 0   %

Progress: 0   %

Progress: 0   %

Progress: 0   %

Progress: 0   %

Progress: 0   %

Progress: 0   %

Progress: 0   %

Progress: 0   %

Progress: 0   %

Progress: 0   %

Progress: 0   %

Progress: 0   %

Progress: 0   %

Progress: 0   %

Progress: 0   %

Progress: 0   %

Progress: 0   %

Progress: 0   %

Progress: 0   %

Progress: 0   %

Progress: 0   %

Progress: 0   %

Progress: 0   %

Progress: 0   %

Progress: 0   %

Progress: 0   %
---------------------------------------------------------
/lustre/hades/user/kjedrzej/customDST/apr12PlusHMdcSeg/5sec/109/apr12ana_109_5sec_be1210914524601.hld_filtered.root,  sectors : 1 1 1 1 1 1 
at entry 236292   with entries = 69902
---------------------------------------------------------

Progress: 0   %

Progress: 0   %

Progress: 0   %

Progress: 0   %

Progress: 0   %

Progress: 0   %

Progress: 0   %

Progress: 0   %

Progress: 0   %

Progress: 0   %

Progress: 0   %

Progress: 0   %

Progress: 0   %

Progress: 0   %

Progress: 0   %

Progress: 0   %

Progress: 0   %

Progress: 0   %

Progress: 0   %

Progress: 0   %

Progress: 0   %

Exiting Root
